2016-10-11 11:41:19,506 [Worker-9] ERROR o.e.m.c.i.p.r.ProjectRegistryReader - Can't read workspace state
java.io.InvalidClassException: org.eclipse.m2e.core.internal.project.registry.BasicProjectRegistry; local class incompatible: stream classdesc serialVersionUID = 5542512601401896748, local class serialVersionUID = 6232274446642339434
	at java.io.ObjectStreamClass.initNonProxy(Unknown Source) ~[na:1.8.0_102]
	at java.io.ObjectInputStream.readNonProxyDesc(Unknown Source) ~[na:1.8.0_102]
	at java.io.ObjectInputStream.readClassDesc(Unknown Source) ~[na:1.8.0_102]
	at java.io.ObjectInputStream.readNonProxyDesc(Unknown Source) ~[na:1.8.0_102]
	at java.io.ObjectInputStream.readClassDesc(Unknown Source) ~[na:1.8.0_102]
	at java.io.ObjectInputStream.readOrdinaryObject(Unknown Source) ~[na:1.8.0_102]
	at java.io.ObjectInputStream.readObject0(Unknown Source) ~[na:1.8.0_102]
	at java.io.ObjectInputStream.readObject(Unknown Source) ~[na:1.8.0_102]
	at org.eclipse.m2e.core.internal.project.registry.ProjectRegistryReader.readWorkspaceState(ProjectRegistryReader.java:100) ~[org.eclipse.m2e.core_1.6.2.20150902-0002.jar:na]
	at org.eclipse.m2e.core.internal.project.registry.ProjectRegistryManager.<init>(ProjectRegistryManager.java:163) [org.eclipse.m2e.core_1.6.2.20150902-0002.jar:na]
	at org.eclipse.m2e.core.internal.MavenPluginActivator.start(MavenPluginActivator.java:211) [org.eclipse.m2e.core_1.6.2.20150902-0002.jar:na]
	at org.eclipse.osgi.internal.framework.BundleContextImpl$3.run(BundleContextImpl.java:771) [org.eclipse.osgi_3.10.100.v20150529-1857.jar:na]
	at org.eclipse.osgi.internal.framework.BundleContextImpl$3.run(BundleContextImpl.java:1) [org.eclipse.osgi_3.10.100.v20150529-1857.jar:na]
	at java.security.AccessController.doPrivileged(Native Method) [na:1.8.0_102]
	at org.eclipse.osgi.internal.framework.BundleContextImpl.startActivator(BundleContextImpl.java:764) [org.eclipse.osgi_3.10.100.v20150529-1857.jar:na]
	at org.eclipse.osgi.internal.framework.BundleContextImpl.start(BundleContextImpl.java:721) [org.eclipse.osgi_3.10.100.v20150529-1857.jar:na]
	at org.eclipse.osgi.internal.framework.EquinoxBundle.startWorker0(EquinoxBundle.java:941) [org.eclipse.osgi_3.10.100.v20150529-1857.jar:na]
	at org.eclipse.osgi.internal.framework.EquinoxBundle$EquinoxModule.startWorker(EquinoxBundle.java:318) [org.eclipse.osgi_3.10.100.v20150529-1857.jar:na]
	at org.eclipse.osgi.container.Module.doStart(Module.java:571) [org.eclipse.osgi_3.10.100.v20150529-1857.jar:na]
	at org.eclipse.osgi.container.Module.start(Module.java:439) [org.eclipse.osgi_3.10.100.v20150529-1857.jar:na]
	at org.eclipse.osgi.framework.util.SecureAction.start(SecureAction.java:454) [org.eclipse.osgi_3.10.100.v20150529-1857.jar:na]
	at org.eclipse.osgi.internal.hooks.EclipseLazyStarter.postFindLocalClass(EclipseLazyStarter.java:107) [org.eclipse.osgi_3.10.100.v20150529-1857.jar:na]
	at org.eclipse.osgi.internal.loader.classpath.ClasspathManager.findLocalClass(ClasspathManager.java:531) [org.eclipse.osgi_3.10.100.v20150529-1857.jar:na]
	at org.eclipse.osgi.internal.loader.ModuleClassLoader.findLocalClass(ModuleClassLoader.java:324) [org.eclipse.osgi_3.10.100.v20150529-1857.jar:na]
	at org.eclipse.osgi.internal.loader.BundleLoader.findLocalClass(BundleLoader.java:327) [org.eclipse.osgi_3.10.100.v20150529-1857.jar:na]
	at org.eclipse.osgi.internal.loader.BundleLoader.findClassInternal(BundleLoader.java:402) [org.eclipse.osgi_3.10.100.v20150529-1857.jar:na]
	at org.eclipse.osgi.internal.loader.BundleLoader.findClass(BundleLoader.java:352) [org.eclipse.osgi_3.10.100.v20150529-1857.jar:na]
	at org.eclipse.osgi.internal.loader.BundleLoader.findClass(BundleLoader.java:344) [org.eclipse.osgi_3.10.100.v20150529-1857.jar:na]
	at org.eclipse.osgi.internal.loader.ModuleClassLoader.loadClass(ModuleClassLoader.java:160) [org.eclipse.osgi_3.10.100.v20150529-1857.jar:na]
	at java.lang.ClassLoader.loadClass(Unknown Source) [na:1.8.0_102]
	at org.eclipse.osgi.internal.framework.EquinoxBundle.loadClass(EquinoxBundle.java:573) [org.eclipse.osgi_3.10.100.v20150529-1857.jar:na]
	at org.eclipse.core.internal.registry.osgi.RegistryStrategyOSGI.createExecutableExtension(RegistryStrategyOSGI.java:174) [org.eclipse.equinox.registry_3.6.0.v20150318-1503.jar:na]
	at org.eclipse.core.internal.registry.ExtensionRegistry.createExecutableExtension(ExtensionRegistry.java:905) [org.eclipse.equinox.registry_3.6.0.v20150318-1503.jar:na]
	at org.eclipse.core.internal.registry.ConfigurationElement.createExecutableExtension(ConfigurationElement.java:243) [org.eclipse.equinox.registry_3.6.0.v20150318-1503.jar:na]
	at org.eclipse.core.internal.registry.ConfigurationElementHandle.createExecutableExtension(ConfigurationElementHandle.java:55) [org.eclipse.equinox.registry_3.6.0.v20150318-1503.jar:na]
	at org.eclipse.core.internal.content.ContentType.getDescriber(ContentType.java:282) [org.eclipse.core.contenttype_3.5.0.v20150421-2214.jar:na]
	at org.eclipse.core.internal.content.ContentTypeCatalog.collectMatchingByContents(ContentTypeCatalog.java:195) [org.eclipse.core.contenttype_3.5.0.v20150421-2214.jar:na]
	at org.eclipse.core.internal.content.ContentTypeCatalog.internalFindContentTypesFor(ContentTypeCatalog.java:412) [org.eclipse.core.contenttype_3.5.0.v20150421-2214.jar:na]
	at org.eclipse.core.internal.content.ContentTypeCatalog.internalFindContentTypesFor(ContentTypeCatalog.java:461) [org.eclipse.core.contenttype_3.5.0.v20150421-2214.jar:na]
	at org.eclipse.core.internal.content.ContentTypeCatalog.getDescriptionFor(ContentTypeCatalog.java:357) [org.eclipse.core.contenttype_3.5.0.v20150421-2214.jar:na]
	at org.eclipse.core.internal.content.ContentTypeCatalog.getDescriptionFor(ContentTypeCatalog.java:371) [org.eclipse.core.contenttype_3.5.0.v20150421-2214.jar:na]
	at org.eclipse.core.internal.content.ContentTypeMatcher.getDescriptionFor(ContentTypeMatcher.java:91) [org.eclipse.core.contenttype_3.5.0.v20150421-2214.jar:na]
	at org.eclipse.core.internal.resources.ContentDescriptionManager.readDescription(ContentDescriptionManager.java:454) [org.eclipse.core.resources_3.10.0.v20150423-0755.jar:na]
	at org.eclipse.core.internal.resources.ContentDescriptionManager.getDescriptionFor(ContentDescriptionManager.java:364) [org.eclipse.core.resources_3.10.0.v20150423-0755.jar:na]
	at org.eclipse.core.internal.resources.File.getContentDescription(File.java:255) [org.eclipse.core.resources_3.10.0.v20150423-0755.jar:na]
	at org.eclipse.wst.validation.internal.ContentTypeWrapper.getContentType(ContentTypeWrapper.java:36) [org.eclipse.wst.validation_1.2.700.v201508251749.jar:na]
	at org.eclipse.wst.validation.internal.model.FilterRule$ContentType.matchesResource(FilterRule.java:522) [org.eclipse.wst.validation_1.2.700.v201508251749.jar:na]
	at org.eclipse.wst.validation.internal.model.FilterGroup.shouldValidate(FilterGroup.java:181) [org.eclipse.wst.validation_1.2.700.v201508251749.jar:na]
	at org.eclipse.wst.validation.Validator$V2.shouldValidate(Validator.java:1114) [org.eclipse.wst.validation_1.2.700.v201508251749.jar:na]
	at org.eclipse.wst.validation.Validator.shouldValidate(Validator.java:320) [org.eclipse.wst.validation_1.2.700.v201508251749.jar:na]
	at org.eclipse.wst.validation.Friend.shouldValidate(Friend.java:50) [org.eclipse.wst.validation_1.2.700.v201508251749.jar:na]
	at org.eclipse.wst.validation.internal.ValManager.accept(ValManager.java:800) [org.eclipse.wst.validation_1.2.700.v201508251749.jar:na]
	at org.eclipse.wst.validation.internal.ValManager.validate(ValManager.java:669) [org.eclipse.wst.validation_1.2.700.v201508251749.jar:na]
	at org.eclipse.wst.validation.internal.ValBuilderJob$Visitor.visit(ValBuilderJob.java:299) [org.eclipse.wst.validation_1.2.700.v201508251749.jar:na]
	at org.eclipse.core.internal.resources.Resource$2.visit(Resource.java:119) [org.eclipse.core.resources_3.10.0.v20150423-0755.jar:na]
	at org.eclipse.core.internal.resources.Resource$1.visitElement(Resource.java:83) [org.eclipse.core.resources_3.10.0.v20150423-0755.jar:na]
	at org.eclipse.core.internal.watson.ElementTreeIterator.doIteration(ElementTreeIterator.java:82) [org.eclipse.core.resources_3.10.0.v20150423-0755.jar:na]
	at org.eclipse.core.internal.watson.ElementTreeIterator.doIteration(ElementTreeIterator.java:87) [org.eclipse.core.resources_3.10.0.v20150423-0755.jar:na]
	at org.eclipse.core.internal.watson.ElementTreeIterator.doIteration(ElementTreeIterator.java:87) [org.eclipse.core.resources_3.10.0.v20150423-0755.jar:na]
	at org.eclipse.core.internal.watson.ElementTreeIterator.doIteration(ElementTreeIterator.java:87) [org.eclipse.core.resources_3.10.0.v20150423-0755.jar:na]
	at org.eclipse.core.internal.watson.ElementTreeIterator.doIteration(ElementTreeIterator.java:87) [org.eclipse.core.resources_3.10.0.v20150423-0755.jar:na]
	at org.eclipse.core.internal.watson.ElementTreeIterator.doIteration(ElementTreeIterator.java:87) [org.eclipse.core.resources_3.10.0.v20150423-0755.jar:na]
	at org.eclipse.core.internal.watson.ElementTreeIterator.doIteration(ElementTreeIterator.java:87) [org.eclipse.core.resources_3.10.0.v20150423-0755.jar:na]
	at org.eclipse.core.internal.watson.ElementTreeIterator.iterate(ElementTreeIterator.java:129) [org.eclipse.core.resources_3.10.0.v20150423-0755.jar:na]
	at org.eclipse.core.internal.resources.Resource.accept(Resource.java:93) [org.eclipse.core.resources_3.10.0.v20150423-0755.jar:na]
	at org.eclipse.core.internal.resources.Resource.accept(Resource.java:51) [org.eclipse.core.resources_3.10.0.v20150423-0755.jar:na]
	at org.eclipse.core.internal.resources.Resource.accept(Resource.java:116) [org.eclipse.core.resources_3.10.0.v20150423-0755.jar:na]
	at org.eclipse.core.internal.resources.Resource.accept(Resource.java:104) [org.eclipse.core.resources_3.10.0.v20150423-0755.jar:na]
	at org.eclipse.wst.validation.internal.ValBuilderJob.fullBuild(ValBuilderJob.java:219) [org.eclipse.wst.validation_1.2.700.v201508251749.jar:na]
	at org.eclipse.wst.validation.internal.ValBuilderJob.run(ValBuilderJob.java:178) [org.eclipse.wst.validation_1.2.700.v201508251749.jar:na]
	at org.eclipse.wst.validation.internal.ValBuilderJob.runInWorkspace(ValBuilderJob.java:126) [org.eclipse.wst.validation_1.2.700.v201508251749.jar:na]
	at org.eclipse.core.internal.resources.InternalWorkspaceJob.run(InternalWorkspaceJob.java:39) [org.eclipse.core.resources_3.10.0.v20150423-0755.jar:na]
	at org.eclipse.core.internal.jobs.Worker.run(Worker.java:55) [org.eclipse.core.jobs_3.7.0.v20150330-2103.jar:na]
